<?xml version="1.0" encoding="UTF-8"?>
<!-- Generated by org.testng.reporters.JUnitXMLReporter -->
<testsuite ignored="1" hostname="LAPTOP-3PEA0A3U" failures="0" tests="3" name="Test" time="0.742" errors="0" timestamp="2024-03-10T16:08:09 IST">
  <testcase classname="testng.testngtest1" name="webApp" time="0.013"/>
  <testcase classname="testng.testngtest3" name="Car" time="0.003"/>
  <testcase classname="testng.testngtest4" name="Laptop1" time="0.002"/>
  <testcase classname="testng.testngtest4" name="Laptop2" time="0.0">
    <ignored/>
  </testcase> <!-- Laptop2 -->
</testsuite> <!-- Test -->
