<?xml version="1.0" encoding="UTF-8"?>
<!-- Generated by org.testng.reporters.JUnitXMLReporter -->
<testsuite ignored="0" hostname="LAPTOP-3PEA0A3U" failures="0" tests="4" name="Test" time="0.578" errors="0" timestamp="2024-03-10T01:18:11 IST">
  <testcase classname="testng.testngtest1" name="webApp" time="0.007"/>
  <testcase classname="testng.testngtest2" name="mobApp" time="0.004"/>
  <testcase classname="testng.testngtest3" name="Car" time="0.002"/>
  <testcase classname="testng.testngtest4" name="Laptop1" time="0.004"/>
</testsuite> <!-- Test -->
