<?xml version="1.0" encoding="UTF-8"?>
<testng-results ignored="0" total="3" passed="3" failed="0" skipped="0">
  <reporter-output>
  </reporter-output>
  <suite started-at="2024-03-10T16:08:09 IST" name="Suite" finished-at="2024-03-10T16:08:09 IST" duration-ms="844">
    <groups>
    </groups>
    <test started-at="2024-03-10T16:08:09 IST" name="Test" finished-at="2024-03-10T16:08:09 IST" duration-ms="742">
      <class name="testng.testngtest4">
        <test-method signature="Laptop1()[pri:0, instance:testng.testngtest4@7e242b4d]" started-at="2024-03-10T16:08:09 IST" name="Laptop1" finished-at="2024-03-10T16:08:09 IST" duration-ms="2" status="PASS">
          <reporter-output>
          </reporter-output>
        </test-method> <!-- Laptop1 -->
      </class> <!-- testng.testngtest4 -->
      <class name="testng.testngtest1">
        <test-method is-config="true" signature="webApp1()[pri:0, instance:testng.testngtest1@eb6449b]" started-at="2024-03-10T16:08:09 IST" name="webApp1" finished-at="2024-03-10T16:08:09 IST" duration-ms="511" status="PASS">
          <reporter-output>
          </reporter-output>
        </test-method> <!-- webApp1 -->
        <test-method signature="webApp()[pri:0, instance:testng.testngtest1@eb6449b]" started-at="2024-03-10T16:08:09 IST" name="webApp" finished-at="2024-03-10T16:08:09 IST" duration-ms="13" status="PASS">
          <reporter-output>
          </reporter-output>
        </test-method> <!-- webApp -->
        <test-method is-config="true" signature="WebApp2()[pri:0, instance:testng.testngtest1@eb6449b]" started-at="2024-03-10T16:08:09 IST" name="WebApp2" finished-at="2024-03-10T16:08:09 IST" duration-ms="145" status="PASS">
          <reporter-output>
          </reporter-output>
        </test-method> <!-- WebApp2 -->
      </class> <!-- testng.testngtest1 -->
      <class name="testng.testngtest3">
        <test-method is-config="true" signature="car2()[pri:0, instance:testng.testngtest3@68759011]" started-at="2024-03-10T16:08:09 IST" name="car2" finished-at="2024-03-10T16:08:09 IST" duration-ms="1" status="PASS">
          <reporter-output>
          </reporter-output>
        </test-method> <!-- car2 -->
        <test-method signature="Car()[pri:0, instance:testng.testngtest3@68759011]" started-at="2024-03-10T16:08:09 IST" name="Car" finished-at="2024-03-10T16:08:09 IST" duration-ms="3" status="PASS">
          <reporter-output>
          </reporter-output>
        </test-method> <!-- Car -->
      </class> <!-- testng.testngtest3 -->
    </test> <!-- Test -->
    <test started-at="2024-03-10T16:08:09 IST" name="testngtest2" finished-at="2024-03-10T16:08:09 IST" duration-ms="4">
      <class name="testng.testngtest2">
        <test-method is-config="true" signature="mobApp1()[pri:0, instance:testng.testngtest2@4215838f]" started-at="2024-03-10T16:08:09 IST" name="mobApp1" finished-at="2024-03-10T16:08:09 IST" duration-ms="1" status="PASS">
          <reporter-output>
          </reporter-output>
        </test-method> <!-- mobApp1 -->
      </class> <!-- testng.testngtest2 -->
    </test> <!-- testngtest2 -->
  </suite> <!-- Suite -->
</testng-results>
